<?xml version="1.0" encoding="UTF-8"?>
<testng-results skipped="0" failed="0" ignored="0" total="1" passed="1">
  <reporter-output>
  </reporter-output>
  <suite name="Default suite" duration-ms="2830" started-at="2021-02-04T20:27:44 CET" finished-at="2021-02-04T20:27:47 CET">
    <groups>
    </groups>
    <test name="Default test" duration-ms="2830" started-at="2021-02-04T20:27:44 CET" finished-at="2021-02-04T20:27:47 CET">
      <class name="tests.DemoTest">
        <test-method status="PASS" signature="demoTest()[pri:0, instance:tests.DemoTest@72b6cbcc]" name="demoTest" duration-ms="2782" started-at="2021-02-04T20:27:44 CET" finished-at="2021-02-04T20:27:47 CET">
          <reporter-output>
          </reporter-output>
        </test-method> <!-- demoTest -->
      </class> <!-- tests.DemoTest -->
    </test> <!-- Default test -->
  </suite> <!-- Default suite -->
</testng-results>
